The target system is: Arduino -  - 
The host system is: Linux - 5.3.0-7629-generic - x86_64
Compiling the C compiler identification source file "CMakeCCompilerId.c" succeeded.
Compiler: /opt/local/arduino/hardware/tools/avr/bin/avr-gcc 
Build flags: 
Id flags:  

The output was:
0


Compilation of the C compiler identification source "CMakeCCompilerId.c" produced "a.out"

The C compiler identification is GNU, found in "/home/vuwij/catkin_ws/src/acrobot/src/acrobot/cmake-build-debug/CMakeFiles/3.15.3/CompilerIdC/a.out"

Compiling the CXX compiler identification source file "CMakeCXXCompilerId.cpp" succeeded.
Compiler: /opt/local/arduino/hardware/tools/avr/bin/avr-g++ 
Build flags: 
Id flags:  

The output was:
0


Compilation of the CXX compiler identification source "CMakeCXXCompilerId.cpp" produced "a.out"

The CXX compiler identification is GNU, found in "/home/vuwij/catkin_ws/src/acrobot/src/acrobot/cmake-build-debug/CMakeFiles/3.15.3/CompilerIdCXX/a.out"

Determining if the C compiler works passed with the following output:
Change Dir: /home/vuwij/catkin_ws/src/acrobot/src/acrobot/cmake-build-debug/CMakeFiles/CMakeTmp

Run Build Command(s):/usr/bin/make cmTC_8f258/fast && /usr/bin/make -f CMakeFiles/cmTC_8f258.dir/build.make CMakeFiles/cmTC_8f258.dir/build
make[1]: Entering directory '/home/vuwij/catkin_ws/src/acrobot/src/acrobot/cmake-build-debug/CMakeFiles/CMakeTmp'
Building C object CMakeFiles/cmTC_8f258.dir/testCCompiler.c.obj
/opt/local/arduino/hardware/tools/avr/bin/avr-gcc   -g -Os -w -ffunction-sections -fdata-sections -MMD    -o CMakeFiles/cmTC_8f258.dir/testCCompiler.c.obj   -c /home/vuwij/catkin_ws/src/acrobot/src/acrobot/cmake-build-debug/CMakeFiles/CMakeTmp/testCCompiler.c
Linking C executable cmTC_8f258
/home/vuwij/.local/share/JetBrains/Toolbox/apps/CLion/ch-0/192.7142.39/bin/cmake/linux/bin/cmake -E cmake_link_script CMakeFiles/cmTC_8f258.dir/link.txt --verbose=1
/opt/local/arduino/hardware/tools/avr/bin/avr-gcc -g -Os -w -ffunction-sections -fdata-sections -MMD   -w -Os -Wl,--gc-sections  CMakeFiles/cmTC_8f258.dir/testCCompiler.c.obj  -o cmTC_8f258 
make[1]: Leaving directory '/home/vuwij/catkin_ws/src/acrobot/src/acrobot/cmake-build-debug/CMakeFiles/CMakeTmp'



Detecting C compiler ABI info compiled with the following output:
Change Dir: /home/vuwij/catkin_ws/src/acrobot/src/acrobot/cmake-build-debug/CMakeFiles/CMakeTmp

Run Build Command(s):/usr/bin/make cmTC_75a4a/fast && /usr/bin/make -f CMakeFiles/cmTC_75a4a.dir/build.make CMakeFiles/cmTC_75a4a.dir/build
make[1]: Entering directory '/home/vuwij/catkin_ws/src/acrobot/src/acrobot/cmake-build-debug/CMakeFiles/CMakeTmp'
Building C object CMakeFiles/cmTC_75a4a.dir/CMakeCCompilerABI.c.obj
/opt/local/arduino/hardware/tools/avr/bin/avr-gcc   -g -Os -w -ffunction-sections -fdata-sections -MMD    -v -o CMakeFiles/cmTC_75a4a.dir/CMakeCCompilerABI.c.obj   -c /home/vuwij/.local/share/JetBrains/Toolbox/apps/CLion/ch-0/192.7142.39/bin/cmake/linux/share/cmake-3.15/Modules/CMakeCCompilerABI.c
Using built-in specs.
Reading specs from /opt/local/arduino/hardware/tools/avr/bin/../lib/gcc/avr/7.3.0/device-specs/specs-avr2
COLLECT_GCC=/opt/local/arduino/hardware/tools/avr/bin/avr-gcc
Target: avr
Configured with: ../gcc/configure --enable-fixed-point --enable-languages=c,c++ --prefix=/home/jenkins/workspace/avr-gcc-staging/label/debian7-x86_64/objdir --disable-nls --disable-libssp --disable-libada --disable-shared --with-avrlibc=yes --with-dwarf2 --disable-doc --target=avr
Thread model: single
gcc version 7.3.0 (GCC) 
COLLECT_GCC_OPTIONS='-g' '-Os' '-w' '-ffunction-sections' '-fdata-sections' '-MMD' '-v' '-o' 'CMakeFiles/cmTC_75a4a.dir/CMakeCCompilerABI.c.obj' '-c' '-specs=device-specs/specs-avr2'
 /opt/local/arduino/hardware/tools/avr/bin/../libexec/gcc/avr/7.3.0/cc1 -quiet -v -iprefix /opt/local/arduino/hardware/tools/avr/bin/../lib/gcc/avr/7.3.0/ -MMD CMakeFiles/cmTC_75a4a.dir/CMakeCCompilerABI.c.d -MQ CMakeFiles/cmTC_75a4a.dir/CMakeCCompilerABI.c.obj /home/vuwij/.local/share/JetBrains/Toolbox/apps/CLion/ch-0/192.7142.39/bin/cmake/linux/share/cmake-3.15/Modules/CMakeCCompilerABI.c -mn-flash=6 -mskip-bug -quiet -dumpbase CMakeCCompilerABI.c -auxbase-strip CMakeFiles/cmTC_75a4a.dir/CMakeCCompilerABI.c.obj -g -Os -w -version -ffunction-sections -fdata-sections -o /tmp/ccQve0mm.s
GNU C11 (GCC) version 7.3.0 (avr)
	compiled by GNU C version 4.7.2, GMP version 5.0.2, MPFR version 3.1.0, MPC version 0.9, isl version none
GGC heuristics: --param ggc-min-expand=100 --param ggc-min-heapsize=131072
ignoring nonexistent directory "/opt/local/arduino/hardware/tools/avr/bin/../lib/gcc/avr/7.3.0/../../../../avr/sys-include"
ignoring duplicate directory "/opt/local/arduino/hardware/tools/avr/bin/../lib/gcc/../../lib/gcc/avr/7.3.0/include"
ignoring duplicate directory "/opt/local/arduino/hardware/tools/avr/bin/../lib/gcc/../../lib/gcc/avr/7.3.0/include-fixed"
ignoring nonexistent directory "/opt/local/arduino/hardware/tools/avr/bin/../lib/gcc/../../lib/gcc/avr/7.3.0/../../../../avr/sys-include"
ignoring duplicate directory "/opt/local/arduino/hardware/tools/avr/bin/../lib/gcc/../../lib/gcc/avr/7.3.0/../../../../avr/include"
#include "..." search starts here:
#include <...> search starts here:
 /opt/local/arduino/hardware/tools/avr/bin/../lib/gcc/avr/7.3.0/include
 /opt/local/arduino/hardware/tools/avr/bin/../lib/gcc/avr/7.3.0/include-fixed
 /opt/local/arduino/hardware/tools/avr/bin/../lib/gcc/avr/7.3.0/../../../../avr/include
End of search list.
GNU C11 (GCC) version 7.3.0 (avr)
	compiled by GNU C version 4.7.2, GMP version 5.0.2, MPFR version 3.1.0, MPC version 0.9, isl version none
GGC heuristics: --param ggc-min-expand=100 --param ggc-min-heapsize=131072
Compiler executable checksum: 6f73eb3f3defcf78e80c42ec4b5f2c0f
COLLECT_GCC_OPTIONS='-g' '-Os' '-w' '-ffunction-sections' '-fdata-sections' '-MMD' '-v' '-o' 'CMakeFiles/cmTC_75a4a.dir/CMakeCCompilerABI.c.obj' '-c' '-specs=device-specs/specs-avr2'
 /opt/local/arduino/hardware/tools/avr/bin/../lib/gcc/avr/7.3.0/../../../../avr/bin/as -mmcu=avr2 -o CMakeFiles/cmTC_75a4a.dir/CMakeCCompilerABI.c.obj /tmp/ccQve0mm.s
COMPILER_PATH=/opt/local/arduino/hardware/tools/avr/bin/../libexec/gcc/avr/7.3.0/:/opt/local/arduino/hardware/tools/avr/bin/../libexec/gcc/:/opt/local/arduino/hardware/tools/avr/bin/../lib/gcc/avr/7.3.0/../../../../avr/bin/
LIBRARY_PATH=/opt/local/arduino/hardware/tools/avr/bin/../lib/gcc/avr/7.3.0/:/opt/local/arduino/hardware/tools/avr/bin/../lib/gcc/:/opt/local/arduino/hardware/tools/avr/bin/../lib/gcc/avr/7.3.0/../../../../avr/lib/
COLLECT_GCC_OPTIONS='-g' '-Os' '-w' '-ffunction-sections' '-fdata-sections' '-MMD' '-v' '-o' 'CMakeFiles/cmTC_75a4a.dir/CMakeCCompilerABI.c.obj' '-c' '-specs=device-specs/specs-avr2'
Linking C executable cmTC_75a4a
/home/vuwij/.local/share/JetBrains/Toolbox/apps/CLion/ch-0/192.7142.39/bin/cmake/linux/bin/cmake -E cmake_link_script CMakeFiles/cmTC_75a4a.dir/link.txt --verbose=1
/opt/local/arduino/hardware/tools/avr/bin/avr-gcc -g -Os -w -ffunction-sections -fdata-sections -MMD   -w -Os -Wl,--gc-sections -v CMakeFiles/cmTC_75a4a.dir/CMakeCCompilerABI.c.obj  -o cmTC_75a4a 
Using built-in specs.
Reading specs from /opt/local/arduino/hardware/tools/avr/bin/../lib/gcc/avr/7.3.0/device-specs/specs-avr2
COLLECT_GCC=/opt/local/arduino/hardware/tools/avr/bin/avr-gcc
COLLECT_LTO_WRAPPER=/opt/local/arduino/hardware/tools/avr/bin/../libexec/gcc/avr/7.3.0/lto-wrapper
Target: avr
Configured with: ../gcc/configure --enable-fixed-point --enable-languages=c,c++ --prefix=/home/jenkins/workspace/avr-gcc-staging/label/debian7-x86_64/objdir --disable-nls --disable-libssp --disable-libada --disable-shared --with-avrlibc=yes --with-dwarf2 --disable-doc --target=avr
Thread model: single
gcc version 7.3.0 (GCC) 
COMPILER_PATH=/opt/local/arduino/hardware/tools/avr/bin/../libexec/gcc/avr/7.3.0/:/opt/local/arduino/hardware/tools/avr/bin/../libexec/gcc/:/opt/local/arduino/hardware/tools/avr/bin/../lib/gcc/avr/7.3.0/../../../../avr/bin/
LIBRARY_PATH=/opt/local/arduino/hardware/tools/avr/bin/../lib/gcc/avr/7.3.0/:/opt/local/arduino/hardware/tools/avr/bin/../lib/gcc/:/opt/local/arduino/hardware/tools/avr/bin/../lib/gcc/avr/7.3.0/../../../../avr/lib/
COLLECT_GCC_OPTIONS='-g' '-Os' '-w' '-ffunction-sections' '-fdata-sections' '-MMD' '-w' '-Os' '-v' '-o' 'cmTC_75a4a' '-specs=device-specs/specs-avr2'
 /opt/local/arduino/hardware/tools/avr/bin/../libexec/gcc/avr/7.3.0/collect2 -plugin /opt/local/arduino/hardware/tools/avr/bin/../libexec/gcc/avr/7.3.0/liblto_plugin.so -plugin-opt=/opt/local/arduino/hardware/tools/avr/bin/../libexec/gcc/avr/7.3.0/lto-wrapper -plugin-opt=-fresolution=/tmp/ccg9UXgq.res -plugin-opt=-pass-through=-lgcc -plugin-opt=-pass-through=-lm -plugin-opt=-pass-through=-lc -o cmTC_75a4a -L/opt/local/arduino/hardware/tools/avr/bin/../lib/gcc/avr/7.3.0 -L/opt/local/arduino/hardware/tools/avr/bin/../lib/gcc -L/opt/local/arduino/hardware/tools/avr/bin/../lib/gcc/avr/7.3.0/../../../../avr/lib --gc-sections CMakeFiles/cmTC_75a4a.dir/CMakeCCompilerABI.c.obj --start-group -lgcc -lm -lc --end-group
COLLECT_GCC_OPTIONS='-g' '-Os' '-w' '-ffunction-sections' '-fdata-sections' '-MMD' '-w' '-Os' '-v' '-o' 'cmTC_75a4a' '-specs=device-specs/specs-avr2'
make[1]: Leaving directory '/home/vuwij/catkin_ws/src/acrobot/src/acrobot/cmake-build-debug/CMakeFiles/CMakeTmp'



Parsed C implicit include dir info from above output: rv=done
  found start of include info
  found start of implicit include info
    add: [/opt/local/arduino/hardware/tools/avr/bin/../lib/gcc/avr/7.3.0/include]
    add: [/opt/local/arduino/hardware/tools/avr/bin/../lib/gcc/avr/7.3.0/include-fixed]
    add: [/opt/local/arduino/hardware/tools/avr/bin/../lib/gcc/avr/7.3.0/../../../../avr/include]
  end of search list found
  collapse include dir [/opt/local/arduino/hardware/tools/avr/bin/../lib/gcc/avr/7.3.0/include] ==> [/opt/local/arduino/hardware/tools/avr/lib/gcc/avr/7.3.0/include]
  collapse include dir [/opt/local/arduino/hardware/tools/avr/bin/../lib/gcc/avr/7.3.0/include-fixed] ==> [/opt/local/arduino/hardware/tools/avr/lib/gcc/avr/7.3.0/include-fixed]
  collapse include dir [/opt/local/arduino/hardware/tools/avr/bin/../lib/gcc/avr/7.3.0/../../../../avr/include] ==> [/opt/local/arduino/hardware/tools/avr/avr/include]
  implicit include dirs: [/opt/local/arduino/hardware/tools/avr/lib/gcc/avr/7.3.0/include;/opt/local/arduino/hardware/tools/avr/lib/gcc/avr/7.3.0/include-fixed;/opt/local/arduino/hardware/tools/avr/avr/include]


Parsed C implicit link information from above output:
  link line regex: [^( *|.*[/\])(avr-ld|CMAKE_LINK_STARTFILE-NOTFOUND|([^/\]+-)?ld|collect2)[^/\]*( |$)]
  ignore line: [Change Dir: /home/vuwij/catkin_ws/src/acrobot/src/acrobot/cmake-build-debug/CMakeFiles/CMakeTmp]
  ignore line: []
  ignore line: [Run Build Command(s):/usr/bin/make cmTC_75a4a/fast && /usr/bin/make -f CMakeFiles/cmTC_75a4a.dir/build.make CMakeFiles/cmTC_75a4a.dir/build]
  ignore line: [make[1]: Entering directory '/home/vuwij/catkin_ws/src/acrobot/src/acrobot/cmake-build-debug/CMakeFiles/CMakeTmp']
  ignore line: [Building C object CMakeFiles/cmTC_75a4a.dir/CMakeCCompilerABI.c.obj]
  ignore line: [/opt/local/arduino/hardware/tools/avr/bin/avr-gcc   -g -Os -w -ffunction-sections -fdata-sections -MMD    -v -o CMakeFiles/cmTC_75a4a.dir/CMakeCCompilerABI.c.obj   -c /home/vuwij/.local/share/JetBrains/Toolbox/apps/CLion/ch-0/192.7142.39/bin/cmake/linux/share/cmake-3.15/Modules/CMakeCCompilerABI.c]
  ignore line: [Using built-in specs.]
  ignore line: [Reading specs from /opt/local/arduino/hardware/tools/avr/bin/../lib/gcc/avr/7.3.0/device-specs/specs-avr2]
  ignore line: [COLLECT_GCC=/opt/local/arduino/hardware/tools/avr/bin/avr-gcc]
  ignore line: [Target: avr]
  ignore line: [Configured with: ../gcc/configure --enable-fixed-point --enable-languages=c,c++ --prefix=/home/jenkins/workspace/avr-gcc-staging/label/debian7-x86_64/objdir --disable-nls --disable-libssp --disable-libada --disable-shared --with-avrlibc=yes --with-dwarf2 --disable-doc --target=avr]
  ignore line: [Thread model: single]
  ignore line: [gcc version 7.3.0 (GCC) ]
  ignore line: [COLLECT_GCC_OPTIONS='-g' '-Os' '-w' '-ffunction-sections' '-fdata-sections' '-MMD' '-v' '-o' 'CMakeFiles/cmTC_75a4a.dir/CMakeCCompilerABI.c.obj' '-c' '-specs=device-specs/specs-avr2']
  ignore line: [ /opt/local/arduino/hardware/tools/avr/bin/../libexec/gcc/avr/7.3.0/cc1 -quiet -v -iprefix /opt/local/arduino/hardware/tools/avr/bin/../lib/gcc/avr/7.3.0/ -MMD CMakeFiles/cmTC_75a4a.dir/CMakeCCompilerABI.c.d -MQ CMakeFiles/cmTC_75a4a.dir/CMakeCCompilerABI.c.obj /home/vuwij/.local/share/JetBrains/Toolbox/apps/CLion/ch-0/192.7142.39/bin/cmake/linux/share/cmake-3.15/Modules/CMakeCCompilerABI.c -mn-flash=6 -mskip-bug -quiet -dumpbase CMakeCCompilerABI.c -auxbase-strip CMakeFiles/cmTC_75a4a.dir/CMakeCCompilerABI.c.obj -g -Os -w -version -ffunction-sections -fdata-sections -o /tmp/ccQve0mm.s]
  ignore line: [GNU C11 (GCC) version 7.3.0 (avr)]
  ignore line: [	compiled by GNU C version 4.7.2, GMP version 5.0.2, MPFR version 3.1.0, MPC version 0.9, isl version none]
  ignore line: [GGC heuristics: --param ggc-min-expand=100 --param ggc-min-heapsize=131072]
  ignore line: [ignoring nonexistent directory "/opt/local/arduino/hardware/tools/avr/bin/../lib/gcc/avr/7.3.0/../../../../avr/sys-include"]
  ignore line: [ignoring duplicate directory "/opt/local/arduino/hardware/tools/avr/bin/../lib/gcc/../../lib/gcc/avr/7.3.0/include"]
  ignore line: [ignoring duplicate directory "/opt/local/arduino/hardware/tools/avr/bin/../lib/gcc/../../lib/gcc/avr/7.3.0/include-fixed"]
  ignore line: [ignoring nonexistent directory "/opt/local/arduino/hardware/tools/avr/bin/../lib/gcc/../../lib/gcc/avr/7.3.0/../../../../avr/sys-include"]
  ignore line: [ignoring duplicate directory "/opt/local/arduino/hardware/tools/avr/bin/../lib/gcc/../../lib/gcc/avr/7.3.0/../../../../avr/include"]
  ignore line: [#include "..." search starts here:]
  ignore line: [#include <...> search starts here:]
  ignore line: [ /opt/local/arduino/hardware/tools/avr/bin/../lib/gcc/avr/7.3.0/include]
  ignore line: [ /opt/local/arduino/hardware/tools/avr/bin/../lib/gcc/avr/7.3.0/include-fixed]
  ignore line: [ /opt/local/arduino/hardware/tools/avr/bin/../lib/gcc/avr/7.3.0/../../../../avr/include]
  ignore line: [End of search list.]
  ignore line: [GNU C11 (GCC) version 7.3.0 (avr)]
  ignore line: [	compiled by GNU C version 4.7.2, GMP version 5.0.2, MPFR version 3.1.0, MPC version 0.9, isl version none]
  ignore line: [GGC heuristics: --param ggc-min-expand=100 --param ggc-min-heapsize=131072]
  ignore line: [Compiler executable checksum: 6f73eb3f3defcf78e80c42ec4b5f2c0f]
  ignore line: [COLLECT_GCC_OPTIONS='-g' '-Os' '-w' '-ffunction-sections' '-fdata-sections' '-MMD' '-v' '-o' 'CMakeFiles/cmTC_75a4a.dir/CMakeCCompilerABI.c.obj' '-c' '-specs=device-specs/specs-avr2']
  ignore line: [ /opt/local/arduino/hardware/tools/avr/bin/../lib/gcc/avr/7.3.0/../../../../avr/bin/as -mmcu=avr2 -o CMakeFiles/cmTC_75a4a.dir/CMakeCCompilerABI.c.obj /tmp/ccQve0mm.s]
  ignore line: [COMPILER_PATH=/opt/local/arduino/hardware/tools/avr/bin/../libexec/gcc/avr/7.3.0/:/opt/local/arduino/hardware/tools/avr/bin/../libexec/gcc/:/opt/local/arduino/hardware/tools/avr/bin/../lib/gcc/avr/7.3.0/../../../../avr/bin/]
  ignore line: [LIBRARY_PATH=/opt/local/arduino/hardware/tools/avr/bin/../lib/gcc/avr/7.3.0/:/opt/local/arduino/hardware/tools/avr/bin/../lib/gcc/:/opt/local/arduino/hardware/tools/avr/bin/../lib/gcc/avr/7.3.0/../../../../avr/lib/]
  ignore line: [COLLECT_GCC_OPTIONS='-g' '-Os' '-w' '-ffunction-sections' '-fdata-sections' '-MMD' '-v' '-o' 'CMakeFiles/cmTC_75a4a.dir/CMakeCCompilerABI.c.obj' '-c' '-specs=device-specs/specs-avr2']
  ignore line: [Linking C executable cmTC_75a4a]
  ignore line: [/home/vuwij/.local/share/JetBrains/Toolbox/apps/CLion/ch-0/192.7142.39/bin/cmake/linux/bin/cmake -E cmake_link_script CMakeFiles/cmTC_75a4a.dir/link.txt --verbose=1]
  ignore line: [/opt/local/arduino/hardware/tools/avr/bin/avr-gcc -g -Os -w -ffunction-sections -fdata-sections -MMD   -w -Os -Wl,--gc-sections -v CMakeFiles/cmTC_75a4a.dir/CMakeCCompilerABI.c.obj  -o cmTC_75a4a ]
  ignore line: [Using built-in specs.]
  ignore line: [Reading specs from /opt/local/arduino/hardware/tools/avr/bin/../lib/gcc/avr/7.3.0/device-specs/specs-avr2]
  ignore line: [COLLECT_GCC=/opt/local/arduino/hardware/tools/avr/bin/avr-gcc]
  ignore line: [COLLECT_LTO_WRAPPER=/opt/local/arduino/hardware/tools/avr/bin/../libexec/gcc/avr/7.3.0/lto-wrapper]
  ignore line: [Target: avr]
  ignore line: [Configured with: ../gcc/configure --enable-fixed-point --enable-languages=c,c++ --prefix=/home/jenkins/workspace/avr-gcc-staging/label/debian7-x86_64/objdir --disable-nls --disable-libssp --disable-libada --disable-shared --with-avrlibc=yes --with-dwarf2 --disable-doc --target=avr]
  ignore line: [Thread model: single]
  ignore line: [gcc version 7.3.0 (GCC) ]
  ignore line: [COMPILER_PATH=/opt/local/arduino/hardware/tools/avr/bin/../libexec/gcc/avr/7.3.0/:/opt/local/arduino/hardware/tools/avr/bin/../libexec/gcc/:/opt/local/arduino/hardware/tools/avr/bin/../lib/gcc/avr/7.3.0/../../../../avr/bin/]
  ignore line: [LIBRARY_PATH=/opt/local/arduino/hardware/tools/avr/bin/../lib/gcc/avr/7.3.0/:/opt/local/arduino/hardware/tools/avr/bin/../lib/gcc/:/opt/local/arduino/hardware/tools/avr/bin/../lib/gcc/avr/7.3.0/../../../../avr/lib/]
  ignore line: [COLLECT_GCC_OPTIONS='-g' '-Os' '-w' '-ffunction-sections' '-fdata-sections' '-MMD' '-w' '-Os' '-v' '-o' 'cmTC_75a4a' '-specs=device-specs/specs-avr2']
  link line: [ /opt/local/arduino/hardware/tools/avr/bin/../libexec/gcc/avr/7.3.0/collect2 -plugin /opt/local/arduino/hardware/tools/avr/bin/../libexec/gcc/avr/7.3.0/liblto_plugin.so -plugin-opt=/opt/local/arduino/hardware/tools/avr/bin/../libexec/gcc/avr/7.3.0/lto-wrapper -plugin-opt=-fresolution=/tmp/ccg9UXgq.res -plugin-opt=-pass-through=-lgcc -plugin-opt=-pass-through=-lm -plugin-opt=-pass-through=-lc -o cmTC_75a4a -L/opt/local/arduino/hardware/tools/avr/bin/../lib/gcc/avr/7.3.0 -L/opt/local/arduino/hardware/tools/avr/bin/../lib/gcc -L/opt/local/arduino/hardware/tools/avr/bin/../lib/gcc/avr/7.3.0/../../../../avr/lib --gc-sections CMakeFiles/cmTC_75a4a.dir/CMakeCCompilerABI.c.obj --start-group -lgcc -lm -lc --end-group]
    arg [/opt/local/arduino/hardware/tools/avr/bin/../libexec/gcc/avr/7.3.0/collect2] ==> ignore
    arg [-plugin] ==> ignore
    arg [/opt/local/arduino/hardware/tools/avr/bin/../libexec/gcc/avr/7.3.0/liblto_plugin.so] ==> ignore
    arg [-plugin-opt=/opt/local/arduino/hardware/tools/avr/bin/../libexec/gcc/avr/7.3.0/lto-wrapper] ==> ignore
    arg [-plugin-opt=-fresolution=/tmp/ccg9UXgq.res] ==> ignore
    arg [-plugin-opt=-pass-through=-lgcc] ==> ignore
    arg [-plugin-opt=-pass-through=-lm] ==> ignore
    arg [-plugin-opt=-pass-through=-lc] ==> ignore
    arg [-o] ==> ignore
    arg [cmTC_75a4a] ==> ignore
    arg [-L/opt/local/arduino/hardware/tools/avr/bin/../lib/gcc/avr/7.3.0] ==> dir [/opt/local/arduino/hardware/tools/avr/bin/../lib/gcc/avr/7.3.0]
    arg [-L/opt/local/arduino/hardware/tools/avr/bin/../lib/gcc] ==> dir [/opt/local/arduino/hardware/tools/avr/bin/../lib/gcc]
    arg [-L/opt/local/arduino/hardware/tools/avr/bin/../lib/gcc/avr/7.3.0/../../../../avr/lib] ==> dir [/opt/local/arduino/hardware/tools/avr/bin/../lib/gcc/avr/7.3.0/../../../../avr/lib]
    arg [--gc-sections] ==> ignore
    arg [CMakeFiles/cmTC_75a4a.dir/CMakeCCompilerABI.c.obj] ==> ignore
    arg [--start-group] ==> ignore
    arg [-lgcc] ==> lib [gcc]
    arg [-lm] ==> lib [m]
    arg [-lc] ==> lib [c]
    arg [--end-group] ==> ignore
  collapse library dir [/opt/local/arduino/hardware/tools/avr/bin/../lib/gcc/avr/7.3.0] ==> [/opt/local/arduino/hardware/tools/avr/lib/gcc/avr/7.3.0]
  collapse library dir [/opt/local/arduino/hardware/tools/avr/bin/../lib/gcc] ==> [/opt/local/arduino/hardware/tools/avr/lib/gcc]
  collapse library dir [/opt/local/arduino/hardware/tools/avr/bin/../lib/gcc/avr/7.3.0/../../../../avr/lib] ==> [/opt/local/arduino/hardware/tools/avr/avr/lib]
  implicit libs: [gcc;m;c]
  implicit dirs: [/opt/local/arduino/hardware/tools/avr/lib/gcc/avr/7.3.0;/opt/local/arduino/hardware/tools/avr/lib/gcc;/opt/local/arduino/hardware/tools/avr/avr/lib]
  implicit fwks: []


Determining if the CXX compiler works passed with the following output:
Change Dir: /home/vuwij/catkin_ws/src/acrobot/src/acrobot/cmake-build-debug/CMakeFiles/CMakeTmp

Run Build Command(s):/usr/bin/make cmTC_b089d/fast && /usr/bin/make -f CMakeFiles/cmTC_b089d.dir/build.make CMakeFiles/cmTC_b089d.dir/build
make[1]: Entering directory '/home/vuwij/catkin_ws/src/acrobot/src/acrobot/cmake-build-debug/CMakeFiles/CMakeTmp'
Building CXX object CMakeFiles/cmTC_b089d.dir/testCXXCompiler.cxx.obj
/opt/local/arduino/hardware/tools/avr/bin/avr-g++    -g -Os -w -fno-exceptions -ffunction-sections -fdata-sections -fno-threadsafe-statics -MMD    -o CMakeFiles/cmTC_b089d.dir/testCXXCompiler.cxx.obj -c /home/vuwij/catkin_ws/src/acrobot/src/acrobot/cmake-build-debug/CMakeFiles/CMakeTmp/testCXXCompiler.cxx
Linking CXX executable cmTC_b089d
/home/vuwij/.local/share/JetBrains/Toolbox/apps/CLion/ch-0/192.7142.39/bin/cmake/linux/bin/cmake -E cmake_link_script CMakeFiles/cmTC_b089d.dir/link.txt --verbose=1
/opt/local/arduino/hardware/tools/avr/bin/avr-g++  -g -Os -w -fno-exceptions -ffunction-sections -fdata-sections -fno-threadsafe-statics -MMD   -w -Os -Wl,--gc-sections  CMakeFiles/cmTC_b089d.dir/testCXXCompiler.cxx.obj  -o cmTC_b089d 
make[1]: Leaving directory '/home/vuwij/catkin_ws/src/acrobot/src/acrobot/cmake-build-debug/CMakeFiles/CMakeTmp'



Detecting CXX compiler ABI info compiled with the following output:
Change Dir: /home/vuwij/catkin_ws/src/acrobot/src/acrobot/cmake-build-debug/CMakeFiles/CMakeTmp

Run Build Command(s):/usr/bin/make cmTC_1d1d4/fast && /usr/bin/make -f CMakeFiles/cmTC_1d1d4.dir/build.make CMakeFiles/cmTC_1d1d4.dir/build
make[1]: Entering directory '/home/vuwij/catkin_ws/src/acrobot/src/acrobot/cmake-build-debug/CMakeFiles/CMakeTmp'
Building CXX object CMakeFiles/cmTC_1d1d4.dir/CMakeCXXCompilerABI.cpp.obj
/opt/local/arduino/hardware/tools/avr/bin/avr-g++    -g -Os -w -fno-exceptions -ffunction-sections -fdata-sections -fno-threadsafe-statics -MMD    -v -o CMakeFiles/cmTC_1d1d4.dir/CMakeCXXCompilerABI.cpp.obj -c /home/vuwij/.local/share/JetBrains/Toolbox/apps/CLion/ch-0/192.7142.39/bin/cmake/linux/share/cmake-3.15/Modules/CMakeCXXCompilerABI.cpp
Using built-in specs.
Reading specs from /opt/local/arduino/hardware/tools/avr/bin/../lib/gcc/avr/7.3.0/device-specs/specs-avr2
COLLECT_GCC=/opt/local/arduino/hardware/tools/avr/bin/avr-g++
Target: avr
Configured with: ../gcc/configure --enable-fixed-point --enable-languages=c,c++ --prefix=/home/jenkins/workspace/avr-gcc-staging/label/debian7-x86_64/objdir --disable-nls --disable-libssp --disable-libada --disable-shared --with-avrlibc=yes --with-dwarf2 --disable-doc --target=avr
Thread model: single
gcc version 7.3.0 (GCC) 
COLLECT_GCC_OPTIONS='-g' '-Os' '-w' '-fno-exceptions' '-ffunction-sections' '-fdata-sections' '-fno-threadsafe-statics' '-MMD' '-v' '-o' 'CMakeFiles/cmTC_1d1d4.dir/CMakeCXXCompilerABI.cpp.obj' '-c' '-specs=device-specs/specs-avr2'
 /opt/local/arduino/hardware/tools/avr/bin/../libexec/gcc/avr/7.3.0/cc1plus -quiet -v -iprefix /opt/local/arduino/hardware/tools/avr/bin/../lib/gcc/avr/7.3.0/ -MMD CMakeFiles/cmTC_1d1d4.dir/CMakeCXXCompilerABI.cpp.d -MQ CMakeFiles/cmTC_1d1d4.dir/CMakeCXXCompilerABI.cpp.obj /home/vuwij/.local/share/JetBrains/Toolbox/apps/CLion/ch-0/192.7142.39/bin/cmake/linux/share/cmake-3.15/Modules/CMakeCXXCompilerABI.cpp -mn-flash=6 -mskip-bug -quiet -dumpbase CMakeCXXCompilerABI.cpp -auxbase-strip CMakeFiles/cmTC_1d1d4.dir/CMakeCXXCompilerABI.cpp.obj -g -Os -w -version -fno-exceptions -ffunction-sections -fdata-sections -fno-threadsafe-statics -mn-flash=6 -mskip-bug -fno-rtti -fno-enforce-eh-specs -fno-exceptions -o /tmp/ccn5nL5S.s
GNU C++14 (GCC) version 7.3.0 (avr)
	compiled by GNU C version 4.7.2, GMP version 5.0.2, MPFR version 3.1.0, MPC version 0.9, isl version none
GGC heuristics: --param ggc-min-expand=100 --param ggc-min-heapsize=131072
ignoring nonexistent directory "/opt/local/arduino/hardware/tools/avr/bin/../lib/gcc/avr/7.3.0/../../../../avr/include/c++/7.3.0"
ignoring nonexistent directory "/opt/local/arduino/hardware/tools/avr/bin/../lib/gcc/avr/7.3.0/../../../../avr/include/c++/7.3.0/avr"
ignoring nonexistent directory "/opt/local/arduino/hardware/tools/avr/bin/../lib/gcc/avr/7.3.0/../../../../avr/include/c++/7.3.0/backward"
ignoring nonexistent directory "/opt/local/arduino/hardware/tools/avr/bin/../lib/gcc/avr/7.3.0/../../../../avr/sys-include"
ignoring nonexistent directory "/opt/local/arduino/hardware/tools/avr/bin/../lib/gcc/../../lib/gcc/avr/7.3.0/../../../../avr/include/c++/7.3.0"
ignoring nonexistent directory "/opt/local/arduino/hardware/tools/avr/bin/../lib/gcc/../../lib/gcc/avr/7.3.0/../../../../avr/include/c++/7.3.0/avr"
ignoring nonexistent directory "/opt/local/arduino/hardware/tools/avr/bin/../lib/gcc/../../lib/gcc/avr/7.3.0/../../../../avr/include/c++/7.3.0/backward"
ignoring duplicate directory "/opt/local/arduino/hardware/tools/avr/bin/../lib/gcc/../../lib/gcc/avr/7.3.0/include"
ignoring duplicate directory "/opt/local/arduino/hardware/tools/avr/bin/../lib/gcc/../../lib/gcc/avr/7.3.0/include-fixed"
ignoring nonexistent directory "/opt/local/arduino/hardware/tools/avr/bin/../lib/gcc/../../lib/gcc/avr/7.3.0/../../../../avr/sys-include"
ignoring duplicate directory "/opt/local/arduino/hardware/tools/avr/bin/../lib/gcc/../../lib/gcc/avr/7.3.0/../../../../avr/include"
#include "..." search starts here:
#include <...> search starts here:
 /opt/local/arduino/hardware/tools/avr/bin/../lib/gcc/avr/7.3.0/include
 /opt/local/arduino/hardware/tools/avr/bin/../lib/gcc/avr/7.3.0/include-fixed
 /opt/local/arduino/hardware/tools/avr/bin/../lib/gcc/avr/7.3.0/../../../../avr/include
End of search list.
GNU C++14 (GCC) version 7.3.0 (avr)
	compiled by GNU C version 4.7.2, GMP version 5.0.2, MPFR version 3.1.0, MPC version 0.9, isl version none
GGC heuristics: --param ggc-min-expand=100 --param ggc-min-heapsize=131072
Compiler executable checksum: 866f6854ed70486ac33c2bdb894ad372
COLLECT_GCC_OPTIONS='-g' '-Os' '-w' '-fno-exceptions' '-ffunction-sections' '-fdata-sections' '-fno-threadsafe-statics' '-MMD' '-v' '-o' 'CMakeFiles/cmTC_1d1d4.dir/CMakeCXXCompilerABI.cpp.obj' '-c' '-specs=device-specs/specs-avr2'
 /opt/local/arduino/hardware/tools/avr/bin/../lib/gcc/avr/7.3.0/../../../../avr/bin/as -mmcu=avr2 -o CMakeFiles/cmTC_1d1d4.dir/CMakeCXXCompilerABI.cpp.obj /tmp/ccn5nL5S.s
COMPILER_PATH=/opt/local/arduino/hardware/tools/avr/bin/../libexec/gcc/avr/7.3.0/:/opt/local/arduino/hardware/tools/avr/bin/../libexec/gcc/:/opt/local/arduino/hardware/tools/avr/bin/../lib/gcc/avr/7.3.0/../../../../avr/bin/
LIBRARY_PATH=/opt/local/arduino/hardware/tools/avr/bin/../lib/gcc/avr/7.3.0/:/opt/local/arduino/hardware/tools/avr/bin/../lib/gcc/:/opt/local/arduino/hardware/tools/avr/bin/../lib/gcc/avr/7.3.0/../../../../avr/lib/
COLLECT_GCC_OPTIONS='-g' '-Os' '-w' '-fno-exceptions' '-ffunction-sections' '-fdata-sections' '-fno-threadsafe-statics' '-MMD' '-v' '-o' 'CMakeFiles/cmTC_1d1d4.dir/CMakeCXXCompilerABI.cpp.obj' '-c' '-specs=device-specs/specs-avr2'
Linking CXX executable cmTC_1d1d4
/home/vuwij/.local/share/JetBrains/Toolbox/apps/CLion/ch-0/192.7142.39/bin/cmake/linux/bin/cmake -E cmake_link_script CMakeFiles/cmTC_1d1d4.dir/link.txt --verbose=1
/opt/local/arduino/hardware/tools/avr/bin/avr-g++  -g -Os -w -fno-exceptions -ffunction-sections -fdata-sections -fno-threadsafe-statics -MMD   -w -Os -Wl,--gc-sections -v CMakeFiles/cmTC_1d1d4.dir/CMakeCXXCompilerABI.cpp.obj  -o cmTC_1d1d4 
Using built-in specs.
Reading specs from /opt/local/arduino/hardware/tools/avr/bin/../lib/gcc/avr/7.3.0/device-specs/specs-avr2
COLLECT_GCC=/opt/local/arduino/hardware/tools/avr/bin/avr-g++
COLLECT_LTO_WRAPPER=/opt/local/arduino/hardware/tools/avr/bin/../libexec/gcc/avr/7.3.0/lto-wrapper
Target: avr
Configured with: ../gcc/configure --enable-fixed-point --enable-languages=c,c++ --prefix=/home/jenkins/workspace/avr-gcc-staging/label/debian7-x86_64/objdir --disable-nls --disable-libssp --disable-libada --disable-shared --with-avrlibc=yes --with-dwarf2 --disable-doc --target=avr
Thread model: single
gcc version 7.3.0 (GCC) 
COMPILER_PATH=/opt/local/arduino/hardware/tools/avr/bin/../libexec/gcc/avr/7.3.0/:/opt/local/arduino/hardware/tools/avr/bin/../libexec/gcc/:/opt/local/arduino/hardware/tools/avr/bin/../lib/gcc/avr/7.3.0/../../../../avr/bin/
LIBRARY_PATH=/opt/local/arduino/hardware/tools/avr/bin/../lib/gcc/avr/7.3.0/:/opt/local/arduino/hardware/tools/avr/bin/../lib/gcc/:/opt/local/arduino/hardware/tools/avr/bin/../lib/gcc/avr/7.3.0/../../../../avr/lib/
COLLECT_GCC_OPTIONS='-g' '-Os' '-w' '-fno-exceptions' '-ffunction-sections' '-fdata-sections' '-fno-threadsafe-statics' '-MMD' '-w' '-Os' '-v' '-o' 'cmTC_1d1d4' '-specs=device-specs/specs-avr2'
 /opt/local/arduino/hardware/tools/avr/bin/../libexec/gcc/avr/7.3.0/collect2 -plugin /opt/local/arduino/hardware/tools/avr/bin/../libexec/gcc/avr/7.3.0/liblto_plugin.so -plugin-opt=/opt/local/arduino/hardware/tools/avr/bin/../libexec/gcc/avr/7.3.0/lto-wrapper -plugin-opt=-fresolution=/tmp/ccZcfBjS.res -plugin-opt=-pass-through=-lgcc -plugin-opt=-pass-through=-lm -plugin-opt=-pass-through=-lc -o cmTC_1d1d4 -L/opt/local/arduino/hardware/tools/avr/bin/../lib/gcc/avr/7.3.0 -L/opt/local/arduino/hardware/tools/avr/bin/../lib/gcc -L/opt/local/arduino/hardware/tools/avr/bin/../lib/gcc/avr/7.3.0/../../../../avr/lib --gc-sections CMakeFiles/cmTC_1d1d4.dir/CMakeCXXCompilerABI.cpp.obj -lgcc -lm --start-group -lgcc -lm -lc --end-group
COLLECT_GCC_OPTIONS='-g' '-Os' '-w' '-fno-exceptions' '-ffunction-sections' '-fdata-sections' '-fno-threadsafe-statics' '-MMD' '-w' '-Os' '-v' '-o' 'cmTC_1d1d4' '-specs=device-specs/specs-avr2'
make[1]: Leaving directory '/home/vuwij/catkin_ws/src/acrobot/src/acrobot/cmake-build-debug/CMakeFiles/CMakeTmp'



Parsed CXX implicit include dir info from above output: rv=done
  found start of include info
  found start of implicit include info
    add: [/opt/local/arduino/hardware/tools/avr/bin/../lib/gcc/avr/7.3.0/include]
    add: [/opt/local/arduino/hardware/tools/avr/bin/../lib/gcc/avr/7.3.0/include-fixed]
    add: [/opt/local/arduino/hardware/tools/avr/bin/../lib/gcc/avr/7.3.0/../../../../avr/include]
  end of search list found
  collapse include dir [/opt/local/arduino/hardware/tools/avr/bin/../lib/gcc/avr/7.3.0/include] ==> [/opt/local/arduino/hardware/tools/avr/lib/gcc/avr/7.3.0/include]
  collapse include dir [/opt/local/arduino/hardware/tools/avr/bin/../lib/gcc/avr/7.3.0/include-fixed] ==> [/opt/local/arduino/hardware/tools/avr/lib/gcc/avr/7.3.0/include-fixed]
  collapse include dir [/opt/local/arduino/hardware/tools/avr/bin/../lib/gcc/avr/7.3.0/../../../../avr/include] ==> [/opt/local/arduino/hardware/tools/avr/avr/include]
  implicit include dirs: [/opt/local/arduino/hardware/tools/avr/lib/gcc/avr/7.3.0/include;/opt/local/arduino/hardware/tools/avr/lib/gcc/avr/7.3.0/include-fixed;/opt/local/arduino/hardware/tools/avr/avr/include]


Parsed CXX implicit link information from above output:
  link line regex: [^( *|.*[/\])(avr-ld|CMAKE_LINK_STARTFILE-NOTFOUND|([^/\]+-)?ld|collect2)[^/\]*( |$)]
  ignore line: [Change Dir: /home/vuwij/catkin_ws/src/acrobot/src/acrobot/cmake-build-debug/CMakeFiles/CMakeTmp]
  ignore line: []
  ignore line: [Run Build Command(s):/usr/bin/make cmTC_1d1d4/fast && /usr/bin/make -f CMakeFiles/cmTC_1d1d4.dir/build.make CMakeFiles/cmTC_1d1d4.dir/build]
  ignore line: [make[1]: Entering directory '/home/vuwij/catkin_ws/src/acrobot/src/acrobot/cmake-build-debug/CMakeFiles/CMakeTmp']
  ignore line: [Building CXX object CMakeFiles/cmTC_1d1d4.dir/CMakeCXXCompilerABI.cpp.obj]
  ignore line: [/opt/local/arduino/hardware/tools/avr/bin/avr-g++    -g -Os -w -fno-exceptions -ffunction-sections -fdata-sections -fno-threadsafe-statics -MMD    -v -o CMakeFiles/cmTC_1d1d4.dir/CMakeCXXCompilerABI.cpp.obj -c /home/vuwij/.local/share/JetBrains/Toolbox/apps/CLion/ch-0/192.7142.39/bin/cmake/linux/share/cmake-3.15/Modules/CMakeCXXCompilerABI.cpp]
  ignore line: [Using built-in specs.]
  ignore line: [Reading specs from /opt/local/arduino/hardware/tools/avr/bin/../lib/gcc/avr/7.3.0/device-specs/specs-avr2]
  ignore line: [COLLECT_GCC=/opt/local/arduino/hardware/tools/avr/bin/avr-g++]
  ignore line: [Target: avr]
  ignore line: [Configured with: ../gcc/configure --enable-fixed-point --enable-languages=c,c++ --prefix=/home/jenkins/workspace/avr-gcc-staging/label/debian7-x86_64/objdir --disable-nls --disable-libssp --disable-libada --disable-shared --with-avrlibc=yes --with-dwarf2 --disable-doc --target=avr]
  ignore line: [Thread model: single]
  ignore line: [gcc version 7.3.0 (GCC) ]
  ignore line: [COLLECT_GCC_OPTIONS='-g' '-Os' '-w' '-fno-exceptions' '-ffunction-sections' '-fdata-sections' '-fno-threadsafe-statics' '-MMD' '-v' '-o' 'CMakeFiles/cmTC_1d1d4.dir/CMakeCXXCompilerABI.cpp.obj' '-c' '-specs=device-specs/specs-avr2']
  ignore line: [ /opt/local/arduino/hardware/tools/avr/bin/../libexec/gcc/avr/7.3.0/cc1plus -quiet -v -iprefix /opt/local/arduino/hardware/tools/avr/bin/../lib/gcc/avr/7.3.0/ -MMD CMakeFiles/cmTC_1d1d4.dir/CMakeCXXCompilerABI.cpp.d -MQ CMakeFiles/cmTC_1d1d4.dir/CMakeCXXCompilerABI.cpp.obj /home/vuwij/.local/share/JetBrains/Toolbox/apps/CLion/ch-0/192.7142.39/bin/cmake/linux/share/cmake-3.15/Modules/CMakeCXXCompilerABI.cpp -mn-flash=6 -mskip-bug -quiet -dumpbase CMakeCXXCompilerABI.cpp -auxbase-strip CMakeFiles/cmTC_1d1d4.dir/CMakeCXXCompilerABI.cpp.obj -g -Os -w -version -fno-exceptions -ffunction-sections -fdata-sections -fno-threadsafe-statics -mn-flash=6 -mskip-bug -fno-rtti -fno-enforce-eh-specs -fno-exceptions -o /tmp/ccn5nL5S.s]
  ignore line: [GNU C++14 (GCC) version 7.3.0 (avr)]
  ignore line: [	compiled by GNU C version 4.7.2, GMP version 5.0.2, MPFR version 3.1.0, MPC version 0.9, isl version none]
  ignore line: [GGC heuristics: --param ggc-min-expand=100 --param ggc-min-heapsize=131072]
  ignore line: [ignoring nonexistent directory "/opt/local/arduino/hardware/tools/avr/bin/../lib/gcc/avr/7.3.0/../../../../avr/include/c++/7.3.0"]
  ignore line: [ignoring nonexistent directory "/opt/local/arduino/hardware/tools/avr/bin/../lib/gcc/avr/7.3.0/../../../../avr/include/c++/7.3.0/avr"]
  ignore line: [ignoring nonexistent directory "/opt/local/arduino/hardware/tools/avr/bin/../lib/gcc/avr/7.3.0/../../../../avr/include/c++/7.3.0/backward"]
  ignore line: [ignoring nonexistent directory "/opt/local/arduino/hardware/tools/avr/bin/../lib/gcc/avr/7.3.0/../../../../avr/sys-include"]
  ignore line: [ignoring nonexistent directory "/opt/local/arduino/hardware/tools/avr/bin/../lib/gcc/../../lib/gcc/avr/7.3.0/../../../../avr/include/c++/7.3.0"]
  ignore line: [ignoring nonexistent directory "/opt/local/arduino/hardware/tools/avr/bin/../lib/gcc/../../lib/gcc/avr/7.3.0/../../../../avr/include/c++/7.3.0/avr"]
  ignore line: [ignoring nonexistent directory "/opt/local/arduino/hardware/tools/avr/bin/../lib/gcc/../../lib/gcc/avr/7.3.0/../../../../avr/include/c++/7.3.0/backward"]
  ignore line: [ignoring duplicate directory "/opt/local/arduino/hardware/tools/avr/bin/../lib/gcc/../../lib/gcc/avr/7.3.0/include"]
  ignore line: [ignoring duplicate directory "/opt/local/arduino/hardware/tools/avr/bin/../lib/gcc/../../lib/gcc/avr/7.3.0/include-fixed"]
  ignore line: [ignoring nonexistent directory "/opt/local/arduino/hardware/tools/avr/bin/../lib/gcc/../../lib/gcc/avr/7.3.0/../../../../avr/sys-include"]
  ignore line: [ignoring duplicate directory "/opt/local/arduino/hardware/tools/avr/bin/../lib/gcc/../../lib/gcc/avr/7.3.0/../../../../avr/include"]
  ignore line: [#include "..." search starts here:]
  ignore line: [#include <...> search starts here:]
  ignore line: [ /opt/local/arduino/hardware/tools/avr/bin/../lib/gcc/avr/7.3.0/include]
  ignore line: [ /opt/local/arduino/hardware/tools/avr/bin/../lib/gcc/avr/7.3.0/include-fixed]
  ignore line: [ /opt/local/arduino/hardware/tools/avr/bin/../lib/gcc/avr/7.3.0/../../../../avr/include]
  ignore line: [End of search list.]
  ignore line: [GNU C++14 (GCC) version 7.3.0 (avr)]
  ignore line: [	compiled by GNU C version 4.7.2, GMP version 5.0.2, MPFR version 3.1.0, MPC version 0.9, isl version none]
  ignore line: [GGC heuristics: --param ggc-min-expand=100 --param ggc-min-heapsize=131072]
  ignore line: [Compiler executable checksum: 866f6854ed70486ac33c2bdb894ad372]
  ignore line: [COLLECT_GCC_OPTIONS='-g' '-Os' '-w' '-fno-exceptions' '-ffunction-sections' '-fdata-sections' '-fno-threadsafe-statics' '-MMD' '-v' '-o' 'CMakeFiles/cmTC_1d1d4.dir/CMakeCXXCompilerABI.cpp.obj' '-c' '-specs=device-specs/specs-avr2']
  ignore line: [ /opt/local/arduino/hardware/tools/avr/bin/../lib/gcc/avr/7.3.0/../../../../avr/bin/as -mmcu=avr2 -o CMakeFiles/cmTC_1d1d4.dir/CMakeCXXCompilerABI.cpp.obj /tmp/ccn5nL5S.s]
  ignore line: [COMPILER_PATH=/opt/local/arduino/hardware/tools/avr/bin/../libexec/gcc/avr/7.3.0/:/opt/local/arduino/hardware/tools/avr/bin/../libexec/gcc/:/opt/local/arduino/hardware/tools/avr/bin/../lib/gcc/avr/7.3.0/../../../../avr/bin/]
  ignore line: [LIBRARY_PATH=/opt/local/arduino/hardware/tools/avr/bin/../lib/gcc/avr/7.3.0/:/opt/local/arduino/hardware/tools/avr/bin/../lib/gcc/:/opt/local/arduino/hardware/tools/avr/bin/../lib/gcc/avr/7.3.0/../../../../avr/lib/]
  ignore line: [COLLECT_GCC_OPTIONS='-g' '-Os' '-w' '-fno-exceptions' '-ffunction-sections' '-fdata-sections' '-fno-threadsafe-statics' '-MMD' '-v' '-o' 'CMakeFiles/cmTC_1d1d4.dir/CMakeCXXCompilerABI.cpp.obj' '-c' '-specs=device-specs/specs-avr2']
  ignore line: [Linking CXX executable cmTC_1d1d4]
  ignore line: [/home/vuwij/.local/share/JetBrains/Toolbox/apps/CLion/ch-0/192.7142.39/bin/cmake/linux/bin/cmake -E cmake_link_script CMakeFiles/cmTC_1d1d4.dir/link.txt --verbose=1]
  ignore line: [/opt/local/arduino/hardware/tools/avr/bin/avr-g++  -g -Os -w -fno-exceptions -ffunction-sections -fdata-sections -fno-threadsafe-statics -MMD   -w -Os -Wl,--gc-sections -v CMakeFiles/cmTC_1d1d4.dir/CMakeCXXCompilerABI.cpp.obj  -o cmTC_1d1d4 ]
  ignore line: [Using built-in specs.]
  ignore line: [Reading specs from /opt/local/arduino/hardware/tools/avr/bin/../lib/gcc/avr/7.3.0/device-specs/specs-avr2]
  ignore line: [COLLECT_GCC=/opt/local/arduino/hardware/tools/avr/bin/avr-g++]
  ignore line: [COLLECT_LTO_WRAPPER=/opt/local/arduino/hardware/tools/avr/bin/../libexec/gcc/avr/7.3.0/lto-wrapper]
  ignore line: [Target: avr]
  ignore line: [Configured with: ../gcc/configure --enable-fixed-point --enable-languages=c,c++ --prefix=/home/jenkins/workspace/avr-gcc-staging/label/debian7-x86_64/objdir --disable-nls --disable-libssp --disable-libada --disable-shared --with-avrlibc=yes --with-dwarf2 --disable-doc --target=avr]
  ignore line: [Thread model: single]
  ignore line: [gcc version 7.3.0 (GCC) ]
  ignore line: [COMPILER_PATH=/opt/local/arduino/hardware/tools/avr/bin/../libexec/gcc/avr/7.3.0/:/opt/local/arduino/hardware/tools/avr/bin/../libexec/gcc/:/opt/local/arduino/hardware/tools/avr/bin/../lib/gcc/avr/7.3.0/../../../../avr/bin/]
  ignore line: [LIBRARY_PATH=/opt/local/arduino/hardware/tools/avr/bin/../lib/gcc/avr/7.3.0/:/opt/local/arduino/hardware/tools/avr/bin/../lib/gcc/:/opt/local/arduino/hardware/tools/avr/bin/../lib/gcc/avr/7.3.0/../../../../avr/lib/]
  ignore line: [COLLECT_GCC_OPTIONS='-g' '-Os' '-w' '-fno-exceptions' '-ffunction-sections' '-fdata-sections' '-fno-threadsafe-statics' '-MMD' '-w' '-Os' '-v' '-o' 'cmTC_1d1d4' '-specs=device-specs/specs-avr2']
  link line: [ /opt/local/arduino/hardware/tools/avr/bin/../libexec/gcc/avr/7.3.0/collect2 -plugin /opt/local/arduino/hardware/tools/avr/bin/../libexec/gcc/avr/7.3.0/liblto_plugin.so -plugin-opt=/opt/local/arduino/hardware/tools/avr/bin/../libexec/gcc/avr/7.3.0/lto-wrapper -plugin-opt=-fresolution=/tmp/ccZcfBjS.res -plugin-opt=-pass-through=-lgcc -plugin-opt=-pass-through=-lm -plugin-opt=-pass-through=-lc -o cmTC_1d1d4 -L/opt/local/arduino/hardware/tools/avr/bin/../lib/gcc/avr/7.3.0 -L/opt/local/arduino/hardware/tools/avr/bin/../lib/gcc -L/opt/local/arduino/hardware/tools/avr/bin/../lib/gcc/avr/7.3.0/../../../../avr/lib --gc-sections CMakeFiles/cmTC_1d1d4.dir/CMakeCXXCompilerABI.cpp.obj -lgcc -lm --start-group -lgcc -lm -lc --end-group]
    arg [/opt/local/arduino/hardware/tools/avr/bin/../libexec/gcc/avr/7.3.0/collect2] ==> ignore
    arg [-plugin] ==> ignore
    arg [/opt/local/arduino/hardware/tools/avr/bin/../libexec/gcc/avr/7.3.0/liblto_plugin.so] ==> ignore
    arg [-plugin-opt=/opt/local/arduino/hardware/tools/avr/bin/../libexec/gcc/avr/7.3.0/lto-wrapper] ==> ignore
    arg [-plugin-opt=-fresolution=/tmp/ccZcfBjS.res] ==> ignore
    arg [-plugin-opt=-pass-through=-lgcc] ==> ignore
    arg [-plugin-opt=-pass-through=-lm] ==> ignore
    arg [-plugin-opt=-pass-through=-lc] ==> ignore
    arg [-o] ==> ignore
    arg [cmTC_1d1d4] ==> ignore
    arg [-L/opt/local/arduino/hardware/tools/avr/bin/../lib/gcc/avr/7.3.0] ==> dir [/opt/local/arduino/hardware/tools/avr/bin/../lib/gcc/avr/7.3.0]
    arg [-L/opt/local/arduino/hardware/tools/avr/bin/../lib/gcc] ==> dir [/opt/local/arduino/hardware/tools/avr/bin/../lib/gcc]
    arg [-L/opt/local/arduino/hardware/tools/avr/bin/../lib/gcc/avr/7.3.0/../../../../avr/lib] ==> dir [/opt/local/arduino/hardware/tools/avr/bin/../lib/gcc/avr/7.3.0/../../../../avr/lib]
    arg [--gc-sections] ==> ignore
    arg [CMakeFiles/cmTC_1d1d4.dir/CMakeCXXCompilerABI.cpp.obj] ==> ignore
    arg [-lgcc] ==> lib [gcc]
    arg [-lm] ==> lib [m]
    arg [--start-group] ==> ignore
    arg [-lgcc] ==> lib [gcc]
    arg [-lm] ==> lib [m]
    arg [-lc] ==> lib [c]
    arg [--end-group] ==> ignore
  collapse library dir [/opt/local/arduino/hardware/tools/avr/bin/../lib/gcc/avr/7.3.0] ==> [/opt/local/arduino/hardware/tools/avr/lib/gcc/avr/7.3.0]
  collapse library dir [/opt/local/arduino/hardware/tools/avr/bin/../lib/gcc] ==> [/opt/local/arduino/hardware/tools/avr/lib/gcc]
  collapse library dir [/opt/local/arduino/hardware/tools/avr/bin/../lib/gcc/avr/7.3.0/../../../../avr/lib] ==> [/opt/local/arduino/hardware/tools/avr/avr/lib]
  implicit libs: [gcc;m;gcc;m;c]
  implicit dirs: [/opt/local/arduino/hardware/tools/avr/lib/gcc/avr/7.3.0;/opt/local/arduino/hardware/tools/avr/lib/gcc;/opt/local/arduino/hardware/tools/avr/avr/lib]
  implicit fwks: []


